2019-06-28 20:26:47,720 INFO o.a.j.u.JMeterUtils: Setting Locale to en_EN
2019-06-28 20:26:47,877 INFO o.a.j.JMeter: Loading user properties from: user.properties
2019-06-28 20:26:47,899 INFO o.a.j.JMeter: Loading system properties from: system.properties
2019-06-28 20:26:48,025 INFO o.a.j.JMeter: Copyright (c) 1998-2019 The Apache Software Foundation
2019-06-28 20:26:48,026 INFO o.a.j.JMeter: Version 5.1.1 r1855137
2019-06-28 20:26:48,026 INFO o.a.j.JMeter: java.version=1.8.0_111
2019-06-28 20:26:48,026 INFO o.a.j.JMeter: java.vm.name=Java HotSpot(TM) 64-Bit Server VM
2019-06-28 20:26:48,026 INFO o.a.j.JMeter: os.name=Windows 10
2019-06-28 20:26:48,026 INFO o.a.j.JMeter: os.arch=amd64
2019-06-28 20:26:48,026 INFO o.a.j.JMeter: os.version=10.0
2019-06-28 20:26:48,026 INFO o.a.j.JMeter: file.encoding=Cp1252
2019-06-28 20:26:48,026 INFO o.a.j.JMeter: java.awt.headless=null
2019-06-28 20:26:48,026 INFO o.a.j.JMeter: Max memory     =1073741824
2019-06-28 20:26:48,026 INFO o.a.j.JMeter: Available Processors =4
2019-06-28 20:26:48,104 INFO o.a.j.JMeter: Default Locale=English (EN)
2019-06-28 20:26:48,105 INFO o.a.j.JMeter: JMeter  Locale=English (EN)
2019-06-28 20:26:48,105 INFO o.a.j.JMeter: JMeterHome=C:\Users\isabe\Desktop\apache-jmeter-5.1.1
2019-06-28 20:26:48,105 INFO o.a.j.JMeter: user.dir  =C:\Users\isabe\Desktop\apache-jmeter-5.1.1\bin
2019-06-28 20:26:48,106 INFO o.a.j.JMeter: PWD       =C:\Users\isabe\Desktop\apache-jmeter-5.1.1\bin
2019-06-28 20:26:52,631 INFO o.a.j.JMeter: IP: 192.168.201.1 Name: TChalla FullName: TChalla
2019-06-28 20:27:02,836 INFO o.a.j.g.a.LookAndFeelCommand: Installing Darcula LAF
2019-06-28 20:27:04,554 INFO o.a.j.g.a.LookAndFeelCommand: Using look and feel: com.sun.java.swing.plaf.windows.WindowsLookAndFeel [Darcula]
2019-06-28 20:27:04,554 INFO o.a.j.JMeter: Setting LAF to: com.sun.java.swing.plaf.windows.WindowsLookAndFeel
2019-06-28 20:27:05,906 INFO o.a.j.JMeter: Loaded icon properties from org/apache/jmeter/images/icon.properties
2019-06-28 20:27:24,970 INFO o.j.r.JARSourceHTTP: Requesting https://jmeter-plugins.org/repo/?installID=windows_10-0dc93daa06ebf18618f7765951946ab6-gui
2019-06-28 20:27:35,530 INFO o.a.j.p.h.s.HTTPSamplerBase: Parser for text/html is org.apache.jmeter.protocol.http.parser.LagartoBasedHtmlParser
2019-06-28 20:27:35,531 INFO o.a.j.p.h.s.HTTPSamplerBase: Parser for application/xhtml+xml is org.apache.jmeter.protocol.http.parser.LagartoBasedHtmlParser
2019-06-28 20:27:35,531 INFO o.a.j.p.h.s.HTTPSamplerBase: Parser for application/xml is org.apache.jmeter.protocol.http.parser.LagartoBasedHtmlParser
2019-06-28 20:27:35,531 INFO o.a.j.p.h.s.HTTPSamplerBase: Parser for text/xml is org.apache.jmeter.protocol.http.parser.LagartoBasedHtmlParser
2019-06-28 20:27:35,531 INFO o.a.j.p.h.s.HTTPSamplerBase: Parser for text/vnd.wap.wml is org.apache.jmeter.protocol.http.parser.RegexpHTMLParser
2019-06-28 20:27:35,531 INFO o.a.j.p.h.s.HTTPSamplerBase: Parser for text/css is org.apache.jmeter.protocol.http.parser.CssParser
2019-06-28 20:27:39,175 INFO o.a.j.e.KeyToolUtils: keytool found at 'keytool'
2019-06-28 20:27:39,176 INFO o.a.j.p.h.p.ProxyControl: HTTP(S) Test Script Recorder SSL Proxy will use keys that support embedded 3rd party resources in file C:\Users\isabe\Desktop\apache-jmeter-5.1.1\bin\proxyserver.jks
2019-06-28 20:27:40,200 INFO o.a.j.s.FileServer: Default base='C:\Users\isabe\Desktop\apache-jmeter-5.1.1\bin'
2019-06-28 20:27:41,236 INFO o.j.r.PluginManager: Plugins Status: [jpgc-functions=2.1, jpgc-json=2.7, jpgc-plugins-manager=1.3, jmeter-core=5.1.1, jmeter-ftp=5.1.1, jmeter-http=5.1.1, jmeter-jdbc=5.1.1, jmeter-jms=5.1.1, jmeter-junit=5.1.1, jmeter-java=5.1.1, jmeter-ldap=5.1.1, jmeter-mail=5.1.1, jmeter-mongodb=5.1.1, jmeter-native=5.1.1, jmeter-tcp=5.1.1, jmeter-components=5.1.1]
2019-06-28 20:27:44,989 INFO o.a.j.s.SampleResult: Note: Sample TimeStamps are START times
2019-06-28 20:27:44,990 INFO o.a.j.s.SampleResult: sampleresult.default.encoding is set to ISO-8859-1
2019-06-28 20:27:44,990 INFO o.a.j.s.SampleResult: sampleresult.useNanoTime=true
2019-06-28 20:27:44,990 INFO o.a.j.s.SampleResult: sampleresult.nanoThreadSleep=5000
